[debug] [2018-10-26T20:59:43.803Z] ----------------------------------------------------------------------
[debug] [2018-10-26T20:59:43.809Z] Command:       /usr/local/bin/node /usr/local/bin/firebase init
[debug] [2018-10-26T20:59:43.810Z] CLI Version:   5.0.1
[debug] [2018-10-26T20:59:43.810Z] Platform:      darwin
[debug] [2018-10-26T20:59:43.810Z] Node Version:  v6.9.5
[debug] [2018-10-26T20:59:43.811Z] Time:          Fri Oct 26 2018 13:59:43 GMT-0700 (PDT)
[debug] [2018-10-26T20:59:43.811Z] ----------------------------------------------------------------------
[debug] 
[debug] [2018-10-26T20:59:43.833Z] > command requires scopes: ["email","openid","https://www.googleapis.com/auth/cloudplatformprojects.readonly","https://www.googleapis.com/auth/firebase","https://www.googleapis.com/auth/cloud-platform"]
[debug] [2018-10-26T20:59:43.833Z] > authorizing via signed-in user
[info] 
     🔥🔥🔥🔥🔥🔥🔥🔥 🔥🔥🔥🔥 🔥🔥🔥🔥🔥🔥🔥🔥  🔥🔥🔥🔥🔥🔥🔥🔥 🔥🔥🔥🔥🔥🔥🔥🔥     🔥🔥🔥     🔥🔥🔥🔥🔥🔥  🔥🔥🔥🔥🔥🔥🔥🔥
     🔥🔥        🔥🔥  🔥🔥     🔥🔥 🔥🔥       🔥🔥     🔥🔥  🔥🔥   🔥🔥  🔥🔥       🔥🔥
     🔥🔥🔥🔥🔥🔥    🔥🔥  🔥🔥🔥🔥🔥🔥🔥🔥  🔥🔥🔥🔥🔥🔥   🔥🔥🔥🔥🔥🔥🔥🔥  🔥🔥🔥🔥🔥🔥🔥🔥🔥  🔥🔥🔥🔥🔥🔥  🔥🔥🔥🔥🔥🔥
     🔥🔥        🔥🔥  🔥🔥    🔥🔥  🔥🔥       🔥🔥     🔥🔥 🔥🔥     🔥🔥       🔥🔥 🔥🔥
     🔥🔥       🔥🔥🔥🔥 🔥🔥     🔥🔥 🔥🔥🔥🔥🔥🔥🔥🔥 🔥🔥🔥🔥🔥🔥🔥🔥  🔥🔥     🔥🔥  🔥🔥🔥🔥🔥🔥  🔥🔥🔥🔥🔥🔥🔥🔥

You're about to initialize a Firebase project in this directory:

  /Users/lukemccrae/workspace/front-end-dev-test

[info] 
=== Project Setup
[info] 
[info] First, let's associate this project directory with a Firebase project.
[info] You can create multiple project aliases by running firebase use --add, 
[info] but for now we'll just set up a default project.
[info] 
[debug] [2018-10-26T20:59:45.717Z] >>> HTTP REQUEST GET https://admin.firebase.com/v1/projects  
 
[debug] [2018-10-26T20:59:46.198Z] <<< HTTP RESPONSE 200
[info] 
=== Hosting Setup
[info] 
[info] Your public directory is the folder (relative to your project directory) that
[info] will contain Hosting assets to be uploaded with firebase deploy. If you
[info] have a build process for your assets, use your build's output directory.
[info] 
[info] ✔  Wrote public/404.html
[debug] [2018-10-26T21:00:35.162Z] >>> HTTP REQUEST GET https://www.gstatic.com/firebasejs/releases.json  
 
[debug] [2018-10-26T21:00:35.359Z] <<< HTTP RESPONSE 200
[info] i  Skipping write of public/index.html
[info] 
[info] i  Writing configuration info to firebase.json...
[info] i  Writing project information to .firebaserc...
[info] 
[info] ✔  Firebase initialization complete!
[info] 
[info] Project creation is only available from the Firebase Console
[info] Please visit https://console.firebase.google.com to create a new project, then run firebase use --add
